<?xml version="1.0" encoding="UTF-8"?>
<!-- Generated by org.testng.reporters.JUnitXMLReporter -->
<testsuite hostname="LAPTOP-GPQ6JPE7" name="Default test" tests="3" failures="0" timestamp="7 Nov 2020 08:55:53 GMT" time="58.194" errors="0">
  <testcase name="loginData" time="5.159" classname="com.actitime.generics.BaseTest"/>
  <testcase name="loginData" time="3.26" classname="com.actitime.generics.BaseTest"/>
  <testcase name="loginData" time="7.429" classname="com.actitime.generics.BaseTest"/>
</testsuite> <!-- Default test -->
