<?xml version="1.0" encoding="UTF-8"?>
<testng-results skipped="0" failed="0" total="3" passed="3">
  <reporter-output>
  </reporter-output>
  <suite name="Default suite" duration-ms="58194" started-at="2020-11-07T08:54:55Z" finished-at="2020-11-07T08:55:53Z">
    <groups>
    </groups>
    <test name="Default test" duration-ms="58194" started-at="2020-11-07T08:54:55Z" finished-at="2020-11-07T08:55:53Z">
      <class name="com.actitime.generics.BaseTest">
        <test-method status="PASS" signature="OpenApp()[pri:0, instance:com.actitime.generics.BaseTest@598067a5]" name="OpenApp" is-config="true" duration-ms="42245" started-at="2020-11-07T14:24:55Z" finished-at="2020-11-07T14:25:37Z">
          <reporter-output>
          </reporter-output>
        </test-method> <!-- OpenApp -->
        <test-method status="PASS" signature="loginData(java.lang.String, java.lang.String)[pri:0, instance:com.actitime.generics.BaseTest@598067a5]" name="loginData" duration-ms="5159" started-at="2020-11-07T14:25:37Z" data-provider="loginData" finished-at="2020-11-07T14:25:42Z">
          <params>
            <param index="0">
              <value>
                <![CDATA[alok]]>
              </value>
            </param>
            <param index="1">
              <value>
                <![CDATA[alok]]>
              </value>
            </param>
          </params>
          <reporter-output>
          </reporter-output>
        </test-method> <!-- loginData -->
        <test-method status="PASS" signature="loginData(java.lang.String, java.lang.String)[pri:0, instance:com.actitime.generics.BaseTest@598067a5]" name="loginData" duration-ms="3260" started-at="2020-11-07T14:25:42Z" data-provider="loginData" finished-at="2020-11-07T14:25:45Z">
          <params>
            <param index="0">
              <value>
                <![CDATA[rajeev]]>
              </value>
            </param>
            <param index="1">
              <value>
                <![CDATA[rajeev]]>
              </value>
            </param>
          </params>
          <reporter-output>
          </reporter-output>
        </test-method> <!-- loginData -->
        <test-method status="PASS" signature="loginData(java.lang.String, java.lang.String)[pri:0, instance:com.actitime.generics.BaseTest@598067a5]" name="loginData" duration-ms="7429" started-at="2020-11-07T14:25:45Z" data-provider="loginData" finished-at="2020-11-07T14:25:53Z">
          <params>
            <param index="0">
              <value>
                <![CDATA[admin]]>
              </value>
            </param>
            <param index="1">
              <value>
                <![CDATA[manager]]>
              </value>
            </param>
          </params>
          <reporter-output>
          </reporter-output>
        </test-method> <!-- loginData -->
        <test-method status="PASS" signature="closeApp()[pri:0, instance:com.actitime.generics.BaseTest@598067a5]" name="closeApp" is-config="true" duration-ms="1" started-at="2020-11-07T14:25:53Z" finished-at="2020-11-07T14:25:53Z">
          <reporter-output>
          </reporter-output>
        </test-method> <!-- closeApp -->
      </class> <!-- com.actitime.generics.BaseTest -->
    </test> <!-- Default test -->
  </suite> <!-- Default suite -->
</testng-results>
